  IKTrajectoryHelper.cpp
  PhysicsServerCommandProcessor.cpp
  b3PluginManager.cpp
  PhysicsDirect.cpp
  PhysicsClient.cpp
  TinyRendererVisualShapeConverter.cpp
  geometry.cpp
  model.cpp
  tgaimage.cpp
  our_gl.cpp
  TinyRenderer.cpp
  SimpleCamera.cpp
  MyMultiBodyCreator.cpp
  BulletMJCFImporter.cpp
  BulletUrdfImporter.cpp
  UrdfParser.cpp
..\..\examples\SharedMemory\TinyRendererVisualShapeConverter.cpp(117): warning C4316: 'TinyRendererVisualShapeConverterInternalData': object allocated on the heap may not be aligned 16
..\..\examples\SharedMemory\TinyRendererVisualShapeConverter.cpp(575): warning C4838: conversion from 'btScalar' to 'float' requires a narrowing conversion
..\..\examples\SharedMemory\TinyRendererVisualShapeConverter.cpp(627): warning C4316: 'TinyRenderObjectData': object allocated on the heap may not be aligned 16
..\..\examples\SharedMemory\TinyRendererVisualShapeConverter.cpp(728): warning C4838: conversion from 'const double' to 'float' requires a narrowing conversion
  urdfStringSplit.cpp
  URDF2Bullet.cpp
..\..\examples\SharedMemory\PhysicsServerCommandProcessor.cpp(1663): warning C4316: 'PhysicsServerCommandProcessorInternalData': object allocated on the heap may not be aligned 16
..\..\examples\Importers\ImportURDFDemo\MyMultiBodyCreator.cpp(65): warning C4316: 'GenericConstraintUserInfo': object allocated on the heap may not be aligned 16
..\..\examples\Importers\ImportURDFDemo\MyMultiBodyCreator.cpp(148): warning C4316: 'GenericConstraintUserInfo': object allocated on the heap may not be aligned 16
..\..\examples\Importers\ImportURDFDemo\MyMultiBodyCreator.cpp(172): warning C4316: 'GenericConstraintUserInfo': object allocated on the heap may not be aligned 16
..\..\examples\SharedMemory\PhysicsServerCommandProcessor.cpp(4545): warning C4316: 'btMultiBodyJointFeedback': object allocated on the heap may not be aligned 16
..\..\examples\Importers\ImportURDFDemo\UrdfParser.cpp(605): warning C4316: 'UrdfMaterial': object allocated on the heap may not be aligned 16
..\..\examples\Importers\ImportURDFDemo\UrdfParser.cpp(662): warning C4316: 'UrdfMaterial': object allocated on the heap may not be aligned 16
..\..\examples\Importers\ImportURDFDemo\UrdfParser.cpp(1511): warning C4316: 'UrdfMaterial': object allocated on the heap may not be aligned 16
..\..\examples\Importers\ImportURDFDemo\UrdfParser.cpp(1535): warning C4316: 'UrdfLink': object allocated on the heap may not be aligned 16
..\..\examples\Importers\ImportURDFDemo\UrdfParser.cpp(1584): warning C4316: 'UrdfJoint': object allocated on the heap may not be aligned 16
..\..\examples\Importers\ImportURDFDemo\UrdfParser.cpp(1674): warning C4316: 'UrdfModel': object allocated on the heap may not be aligned 16
..\..\examples\Importers\ImportURDFDemo\UrdfParser.cpp(1710): warning C4316: 'UrdfMaterial': object allocated on the heap may not be aligned 16
..\..\examples\Importers\ImportURDFDemo\UrdfParser.cpp(1734): warning C4316: 'UrdfLink': object allocated on the heap may not be aligned 16
..\..\examples\Importers\ImportURDFDemo\UrdfParser.cpp(1783): warning C4316: 'UrdfJoint': object allocated on the heap may not be aligned 16
..\..\examples\Importers\ImportMJCFDemo\BulletMJCFImporter.cpp(399): warning C4316: 'UrdfModel': object allocated on the heap may not be aligned 16
..\..\examples\Importers\ImportMJCFDemo\BulletMJCFImporter.cpp(409): warning C4316: 'UrdfModel': object allocated on the heap may not be aligned 16
..\..\examples\Importers\ImportMJCFDemo\BulletMJCFImporter.cpp(412): warning C4316: 'UrdfLink': object allocated on the heap may not be aligned 16
..\..\examples\Importers\ImportMJCFDemo\BulletMJCFImporter.cpp(589): warning C4316: 'UrdfJoint': object allocated on the heap may not be aligned 16
..\..\examples\Importers\ImportMJCFDemo\BulletMJCFImporter.cpp(1028): warning C4316: 'UrdfLink': object allocated on the heap may not be aligned 16
..\..\examples\Importers\ImportMJCFDemo\BulletMJCFImporter.cpp(1222): warning C4316: 'UrdfJoint': object allocated on the heap may not be aligned 16
  b3ResourcePath.cpp
  b3Clock.cpp
  ChromeTraceUtil.cpp
  RobotLoggingUtil.cpp
  btBulletWorldImporter.cpp
  btWorldImporter.cpp
  bChunk.cpp
  bDNA.cpp
  bFile.cpp
  btBulletFile.cpp
  Wavefront2GLInstanceGraphicsShape.cpp
  LoadMeshFromObj.cpp
  LoadMeshFromCollada.cpp
  tiny_obj_loader.cpp
  tinystr.cpp
  tinyxml.cpp
  tinyxmlerror.cpp
..\..\examples\ThirdPartyLibs\Wavefront\tiny_obj_loader.cpp(214): warning C4018: '<': signed/unsigned mismatch
  tinyxmlparser.cpp
  b3ImportMeshUtility.cpp
  stb_image.cpp
..\..\examples\ThirdPartyLibs\stb_image\stb_image.cpp(228): warning C4996: 'fopen': This function or variable may be unsafe. Consider using fopen_s instead. To disable deprecation, use _CRT_SECURE_NO_WARNINGS. See online help for details.
  C:\Program Files (x86)\Windows Kits\10\Include\10.0.15063.0\ucrt\stdio.h(207): note: see declaration of 'fopen'
..\..\examples\ThirdPartyLibs\stb_image\stb_image.cpp(290): warning C4996: 'fopen': This function or variable may be unsafe. Consider using fopen_s instead. To disable deprecation, use _CRT_SECURE_NO_WARNINGS. See online help for details.
  C:\Program Files (x86)\Windows Kits\10\Include\10.0.15063.0\ucrt\stdio.h(207): note: see declaration of 'fopen'
..\..\examples\ThirdPartyLibs\stb_image\stb_image.cpp(328): warning C4996: 'fopen': This function or variable may be unsafe. Consider using fopen_s instead. To disable deprecation, use _CRT_SECURE_NO_WARNINGS. See online help for details.
  C:\Program Files (x86)\Windows Kits\10\Include\10.0.15063.0\ucrt\stdio.h(207): note: see declaration of 'fopen'
..\..\examples\ThirdPartyLibs\stb_image\stb_image.cpp(4220): warning C4996: 'fopen': This function or variable may be unsafe. Consider using fopen_s instead. To disable deprecation, use _CRT_SECURE_NO_WARNINGS. See online help for details.
  C:\Program Files (x86)\Windows Kits\10\Include\10.0.15063.0\ucrt\stdio.h(207): note: see declaration of 'fopen'
..\..\examples\ThirdPartyLibs\Wavefront\tiny_obj_loader.cpp(401): warning C4996: 'sscanf': This function or variable may be unsafe. Consider using sscanf_s instead. To disable deprecation, use _CRT_SECURE_NO_WARNINGS. See online help for details.
  C:\Program Files (x86)\Windows Kits\10\Include\10.0.15063.0\ucrt\stdio.h(2260): note: see declaration of 'sscanf'
  main.cpp
..\..\examples\ThirdPartyLibs\Wavefront\tiny_obj_loader.cpp(651): warning C4996: 'sscanf': This function or variable may be unsafe. Consider using sscanf_s instead. To disable deprecation, use _CRT_SECURE_NO_WARNINGS. See online help for details.
  C:\Program Files (x86)\Windows Kits\10\Include\10.0.15063.0\ucrt\stdio.h(2260): note: see declaration of 'sscanf'
..\..\examples\ThirdPartyLibs\Wavefront\tiny_obj_loader.cpp(667): warning C4996: 'sscanf': This function or variable may be unsafe. Consider using sscanf_s instead. To disable deprecation, use _CRT_SECURE_NO_WARNINGS. See online help for details.
  C:\Program Files (x86)\Windows Kits\10\Include\10.0.15063.0\ucrt\stdio.h(2260): note: see declaration of 'sscanf'
..\..\examples\ThirdPartyLibs\Wavefront\tiny_obj_loader.cpp(723): warning C4996: 'sscanf': This function or variable may be unsafe. Consider using sscanf_s instead. To disable deprecation, use _CRT_SECURE_NO_WARNINGS. See online help for details.
  C:\Program Files (x86)\Windows Kits\10\Include\10.0.15063.0\ucrt\stdio.h(2260): note: see declaration of 'sscanf'
c:\users\jr191353\downloads\bsc-live-coding\libraries\bullet3-2.87\examples\thirdpartylibs\clsocket\src\SimpleSocket.h(463): warning C4996: 'inet_ntoa': Use inet_ntop() or InetNtop() instead or define _WINSOCK_DEPRECATED_NO_WARNINGS to disable deprecated API warnings (compiling source file ..\..\examples\SharedMemory\tcp\main.cpp)
  C:\Program Files (x86)\Windows Kits\10\Include\10.0.15063.0\um\winsock2.h(1848): note: see declaration of 'inet_ntoa' (compiling source file ..\..\examples\SharedMemory\tcp\main.cpp)
c:\users\jr191353\downloads\bsc-live-coding\libraries\bullet3-2.87\examples\thirdpartylibs\clsocket\src\SimpleSocket.h(475): warning C4996: 'inet_ntoa': Use inet_ntop() or InetNtop() instead or define _WINSOCK_DEPRECATED_NO_WARNINGS to disable deprecated API warnings (compiling source file ..\..\examples\SharedMemory\tcp\main.cpp)
  C:\Program Files (x86)\Windows Kits\10\Include\10.0.15063.0\um\winsock2.h(1848): note: see declaration of 'inet_ntoa' (compiling source file ..\..\examples\SharedMemory\tcp\main.cpp)
C:\Program Files (x86)\Microsoft Visual Studio\2017\Community\VC\Tools\MSVC\14.11.25503\include\stdint.h(56): warning C4005: 'UINT8_MAX': macro redefinition (compiling source file ..\..\examples\SharedMemory\tcp\main.cpp)
  c:\users\jr191353\downloads\bsc-live-coding\libraries\bullet3-2.87\examples\thirdpartylibs\clsocket\src\Host.h(108): note: see previous definition of 'UINT8_MAX' (compiling source file ..\..\examples\SharedMemory\tcp\main.cpp)
C:\Program Files (x86)\Microsoft Visual Studio\2017\Community\VC\Tools\MSVC\14.11.25503\include\stdint.h(57): warning C4005: 'UINT16_MAX': macro redefinition (compiling source file ..\..\examples\SharedMemory\tcp\main.cpp)
  c:\users\jr191353\downloads\bsc-live-coding\libraries\bullet3-2.87\examples\thirdpartylibs\clsocket\src\Host.h(111): note: see previous definition of 'UINT16_MAX' (compiling source file ..\..\examples\SharedMemory\tcp\main.cpp)
C:\Program Files (x86)\Microsoft Visual Studio\2017\Community\VC\Tools\MSVC\14.11.25503\include\stdint.h(58): warning C4005: 'UINT32_MAX': macro redefinition (compiling source file ..\..\examples\SharedMemory\tcp\main.cpp)
  c:\users\jr191353\downloads\bsc-live-coding\libraries\bullet3-2.87\examples\thirdpartylibs\clsocket\src\Host.h(114): note: see previous definition of 'UINT32_MAX' (compiling source file ..\..\examples\SharedMemory\tcp\main.cpp)
..\..\examples\Importers\ImportMeshUtility\b3ImportMeshUtility.cpp(39): warning C4018: '<': signed/unsigned mismatch
..\..\examples\Importers\ImportObjDemo\Wavefront2GLInstanceGraphicsShape.cpp(52): warning C4018: '<': signed/unsigned mismatch
..\..\examples\Importers\ImportObjDemo\Wavefront2GLInstanceGraphicsShape.cpp(79): warning C4018: '<': signed/unsigned mismatch
..\..\examples\Importers\ImportObjDemo\Wavefront2GLInstanceGraphicsShape.cpp(104): warning C4018: '<': signed/unsigned mismatch
C:\Users\jr191353\Downloads\bsc-live-coding\Libraries\bullet3-2.87\src\Bullet3Common/b3CommandLineArgs.h(92): warning C4996: 'strcpy': This function or variable may be unsafe. Consider using strcpy_s instead. To disable deprecation, use _CRT_SECURE_NO_WARNINGS. See online help for details. (compiling source file ..\..\examples\SharedMemory\tcp\main.cpp)
  C:\Program Files (x86)\Windows Kits\10\Include\10.0.15063.0\ucrt\string.h(136): note: see declaration of 'strcpy' (compiling source file ..\..\examples\SharedMemory\tcp\main.cpp)
  App_PhysicsServerTCP.vcxproj -> C:\Users\jr191353\Downloads\bsc-live-coding\Libraries\bullet3-2.87\build3\vs2010\..\..\bin\App_PhysicsServerTCP_vs2010_debug.exe
  App_PhysicsServerTCP.vcxproj -> ..\..\bin\App_PhysicsServerTCP_vs2010_debug.pdb (Partial PDB)
